<?xml version="1.0" encoding="UTF-8"?>
<!-- Generated by org.testng.reporters.JUnitReportReporter -->
<testsuite hostname="YAZHISAI-DV" failures="0" tests="3" name="sample.Testtt" time="0.018" errors="0" timestamp="2023-04-12T13:23:26 IST" skipped="0">
  <testcase classname="sample.Testtt" name="modifycontact" time="0.004"/>
  <system-out/>
  <testcase classname="sample.Testtt" name="deletecontact" time="0.002"/>
  <system-out/>
  <testcase classname="sample.Testtt" name="createcontact" time="0.012"/>
  <system-out/>
</testsuite> <!-- sample.Testtt -->
